java.lang.RuntimeException: Pipeline execution failed
	at org.apache.beam.runners.flink.FlinkRunner.run(FlinkRunner.java:112)
	at org.apache.beam.sdk.Pipeline.run(Pipeline.java:323)
	at org.apache.beam.sdk.Pipeline.run(Pipeline.java:309)
	at com.google.fhir.analytics.EtlUtils.runPipeline(EtlUtils.java:86)
	at com.google.fhir.analytics.EtlUtils.runPipelineWithTimestamp(EtlUtils.java:62)
	at com.google.fhir.analytics.PipelineManager$PipelineThread.run(PipelineManager.java:530)
Caused by: org.apache.flink.runtime.client.JobExecutionException: Job execution failed.
	at org.apache.flink.runtime.jobmaster.JobResult.toJobExecutionResult(JobResult.java:144)
	at org.apache.flink.runtime.minicluster.MiniClusterJobClient.lambda$getJobExecutionResult$3(MiniClusterJobClient.java:137)
	at java.base/java.util.concurrent.CompletableFuture$UniApply.tryFire(CompletableFuture.java:646)
	at java.base/java.util.concurrent.CompletableFuture.postComplete(CompletableFuture.java:510)
	at java.base/java.util.concurrent.CompletableFuture.complete(CompletableFuture.java:2147)
	at org.apache.flink.runtime.rpc.akka.AkkaInvocationHandler.lambda$invokeRpc$1(AkkaInvocationHandler.java:258)
	at java.base/java.util.concurrent.CompletableFuture.uniWhenComplete(CompletableFuture.java:863)
	at java.base/java.util.concurrent.CompletableFuture$UniWhenComplete.tryFire(CompletableFuture.java:841)
	at java.base/java.util.concurrent.CompletableFuture.postComplete(CompletableFuture.java:510)
	at java.base/java.util.concurrent.CompletableFuture.complete(CompletableFuture.java:2147)
	at org.apache.flink.util.concurrent.FutureUtils.doForward(FutureUtils.java:1389)
	at org.apache.flink.runtime.concurrent.akka.ClassLoadingUtils.lambda$null$1(ClassLoadingUtils.java:93)
	at org.apache.flink.runtime.concurrent.akka.ClassLoadingUtils.runWithContextClassLoader(ClassLoadingUtils.java:68)
	at org.apache.flink.runtime.concurrent.akka.ClassLoadingUtils.lambda$guardCompletionWithContextClassLoader$2(ClassLoadingUtils.java:92)
	at java.base/java.util.concurrent.CompletableFuture.uniWhenComplete(CompletableFuture.java:863)
	at java.base/java.util.concurrent.CompletableFuture$UniWhenComplete.tryFire(CompletableFuture.java:841)
	at java.base/java.util.concurrent.CompletableFuture.postComplete(CompletableFuture.java:510)
	at java.base/java.util.concurrent.CompletableFuture.complete(CompletableFuture.java:2147)
	at org.apache.flink.runtime.concurrent.akka.AkkaFutureUtils$1.onComplete(AkkaFutureUtils.java:47)
	at akka.dispatch.OnComplete.internal(Future.scala:300)
	at akka.dispatch.OnComplete.internal(Future.scala:297)
	at akka.dispatch.japi$CallbackBridge.apply(Future.scala:224)
	at akka.dispatch.japi$CallbackBridge.apply(Future.scala:221)
	at scala.concurrent.impl.CallbackRunnable.run(Promise.scala:60)
	at org.apache.flink.runtime.concurrent.akka.AkkaFutureUtils$DirectExecutionContext.execute(AkkaFutureUtils.java:65)
	at scala.concurrent.impl.CallbackRunnable.executeWithValue(Promise.scala:68)
	at scala.concurrent.impl.Promise$DefaultPromise.$anonfun$tryComplete$1(Promise.scala:284)
	at scala.concurrent.impl.Promise$DefaultPromise.$anonfun$tryComplete$1$adapted(Promise.scala:284)
	at scala.concurrent.impl.Promise$DefaultPromise.tryComplete(Promise.scala:284)
	at akka.pattern.PromiseActorRef.$bang(AskSupport.scala:621)
	at akka.pattern.PipeToSupport$PipeableFuture$$anonfun$pipeTo$1.applyOrElse(PipeToSupport.scala:24)
	at akka.pattern.PipeToSupport$PipeableFuture$$anonfun$pipeTo$1.applyOrElse(PipeToSupport.scala:23)
	at scala.concurrent.Future.$anonfun$andThen$1(Future.scala:532)
	at scala.concurrent.impl.Promise.liftedTree1$1(Promise.scala:29)
	at scala.concurrent.impl.Promise.$anonfun$transform$1(Promise.scala:29)
	at scala.concurrent.impl.CallbackRunnable.run(Promise.scala:60)
	at akka.dispatch.BatchingExecutor$AbstractBatch.processBatch(BatchingExecutor.scala:63)
	at akka.dispatch.BatchingExecutor$BlockableBatch.$anonfun$run$1(BatchingExecutor.scala:100)
	at scala.runtime.java8.JFunction0$mcV$sp.apply(JFunction0$mcV$sp.java:12)
	at scala.concurrent.BlockContext$.withBlockContext(BlockContext.scala:81)
	at akka.dispatch.BatchingExecutor$BlockableBatch.run(BatchingExecutor.scala:100)
	at akka.dispatch.TaskInvocation.run(AbstractDispatcher.scala:49)
	at akka.dispatch.ForkJoinExecutorConfigurator$AkkaForkJoinTask.exec(ForkJoinExecutorConfigurator.scala:48)
	at java.base/java.util.concurrent.ForkJoinTask.doExec(ForkJoinTask.java:373)
	at java.base/java.util.concurrent.ForkJoinPool$WorkQueue.topLevelExec(ForkJoinPool.java:1182)
	at java.base/java.util.concurrent.ForkJoinPool.scan(ForkJoinPool.java:1655)
	at java.base/java.util.concurrent.ForkJoinPool.runWorker(ForkJoinPool.java:1622)
	at java.base/java.util.concurrent.ForkJoinWorkerThread.run(ForkJoinWorkerThread.java:165)
Caused by: org.apache.flink.runtime.JobException: Recovery is suppressed by NoRestartBackoffTimeStrategy
	at org.apache.flink.runtime.executiongraph.failover.flip1.ExecutionFailureHandler.handleFailure(ExecutionFailureHandler.java:138)
	at org.apache.flink.runtime.executiongraph.failover.flip1.ExecutionFailureHandler.getFailureHandlingResult(ExecutionFailureHandler.java:82)
	at org.apache.flink.runtime.scheduler.DefaultScheduler.handleTaskFailure(DefaultScheduler.java:252)
	at org.apache.flink.runtime.scheduler.DefaultScheduler.maybeHandleTaskFailure(DefaultScheduler.java:242)
	at org.apache.flink.runtime.scheduler.DefaultScheduler.updateTaskExecutionStateInternal(DefaultScheduler.java:233)
	at org.apache.flink.runtime.scheduler.SchedulerBase.updateTaskExecutionState(SchedulerBase.java:684)
	at org.apache.flink.runtime.scheduler.SchedulerNG.updateTaskExecutionState(SchedulerNG.java:79)
	at org.apache.flink.runtime.jobmaster.JobMaster.updateTaskExecutionState(JobMaster.java:444)
	at java.base/jdk.internal.reflect.NativeMethodAccessorImpl.invoke0(Native Method)
	at java.base/jdk.internal.reflect.NativeMethodAccessorImpl.invoke(NativeMethodAccessorImpl.java:77)
	at java.base/jdk.internal.reflect.DelegatingMethodAccessorImpl.invoke(DelegatingMethodAccessorImpl.java:43)
	at java.base/java.lang.reflect.Method.invoke(Method.java:568)
	at org.apache.flink.runtime.rpc.akka.AkkaRpcActor.lambda$handleRpcInvocation$1(AkkaRpcActor.java:316)
	at org.apache.flink.runtime.concurrent.akka.ClassLoadingUtils.runWithContextClassLoader(ClassLoadingUtils.java:83)
	at org.apache.flink.runtime.rpc.akka.AkkaRpcActor.handleRpcInvocation(AkkaRpcActor.java:314)
	at org.apache.flink.runtime.rpc.akka.AkkaRpcActor.handleRpcMessage(AkkaRpcActor.java:217)
	at org.apache.flink.runtime.rpc.akka.FencedAkkaRpcActor.handleRpcMessage(FencedAkkaRpcActor.java:78)
	at org.apache.flink.runtime.rpc.akka.AkkaRpcActor.handleMessage(AkkaRpcActor.java:163)
	at akka.japi.pf.UnitCaseStatement.apply(CaseStatements.scala:24)
	at akka.japi.pf.UnitCaseStatement.apply(CaseStatements.scala:20)
	at scala.PartialFunction.applyOrElse(PartialFunction.scala:123)
	at scala.PartialFunction.applyOrElse$(PartialFunction.scala:122)
	at akka.japi.pf.UnitCaseStatement.applyOrElse(CaseStatements.scala:20)
	at scala.PartialFunction$OrElse.applyOrElse(PartialFunction.scala:171)
	at scala.PartialFunction$OrElse.applyOrElse(PartialFunction.scala:172)
	at scala.PartialFunction$OrElse.applyOrElse(PartialFunction.scala:172)
	at akka.actor.Actor.aroundReceive(Actor.scala:537)
	at akka.actor.Actor.aroundReceive$(Actor.scala:535)
	at akka.actor.AbstractActor.aroundReceive(AbstractActor.scala:220)
	at akka.actor.ActorCell.receiveMessage(ActorCell.scala:580)
	at akka.actor.ActorCell.invoke(ActorCell.scala:548)
	at akka.dispatch.Mailbox.processMailbox(Mailbox.scala:270)
	at akka.dispatch.Mailbox.run(Mailbox.scala:231)
	at akka.dispatch.Mailbox.exec(Mailbox.scala:243)
	... 5 more
Caused by: org.apache.beam.sdk.util.UserCodeException: java.lang.IllegalArgumentException: Composite converter must be given a single composite element, received: uuid
	at org.apache.beam.sdk.util.UserCodeException.wrap(UserCodeException.java:39)
	at com.google.fhir.analytics.FetchResources$SearchFn$DoFnInvoker.invokeProcessElement(Unknown Source)
	at org.apache.beam.runners.core.SimpleDoFnRunner.invokeProcessElement(SimpleDoFnRunner.java:211)
	at org.apache.beam.runners.core.SimpleDoFnRunner.processElement(SimpleDoFnRunner.java:188)
	at org.apache.beam.runners.flink.metrics.DoFnRunnerWithMetricsUpdate.processElement(DoFnRunnerWithMetricsUpdate.java:62)
	at org.apache.beam.runners.flink.translation.functions.FlinkDoFnFunction.flatMap(FlinkDoFnFunction.java:122)
	at org.apache.beam.runners.flink.translation.functions.FlinkDoFnFunction.flatMap(FlinkDoFnFunction.java:59)
	at org.apache.flink.runtime.operators.chaining.ChainedFlatMapDriver.collect(ChainedFlatMapDriver.java:79)
	at org.apache.flink.runtime.operators.util.metrics.CountingCollector.collect(CountingCollector.java:35)
	at org.apache.flink.runtime.operators.DataSourceTask.invoke(DataSourceTask.java:208)
	at org.apache.flink.runtime.taskmanager.Task.runWithSystemExitMonitoring(Task.java:958)
	at org.apache.flink.runtime.taskmanager.Task.restoreAndInvoke(Task.java:937)
	at org.apache.flink.runtime.taskmanager.Task.doRun(Task.java:766)
	at org.apache.flink.runtime.taskmanager.Task.run(Task.java:575)
	at java.base/java.lang.Thread.run(Thread.java:833)
Caused by: java.lang.IllegalArgumentException: Composite converter must be given a single composite element, received: uuid
	at com.cerner.bunsen.definitions.HapiCompositeConverter.toHapiConverter(HapiCompositeConverter.java:264)
	at com.cerner.bunsen.definitions.HapiChoiceConverter.toHapiConverter(HapiChoiceConverter.java:105)
	at com.cerner.bunsen.definitions.HapiCompositeConverter.lambda$toHapiConverter$1(HapiCompositeConverter.java:354)
	at java.base/java.util.stream.ReferencePipeline$3$1.accept(ReferencePipeline.java:197)
	at java.base/java.util.ArrayList$ArrayListSpliterator.forEachRemaining(ArrayList.java:1625)
	at java.base/java.util.stream.AbstractPipeline.copyInto(AbstractPipeline.java:509)
	at java.base/java.util.stream.AbstractPipeline.wrapAndCopyInto(AbstractPipeline.java:499)
	at java.base/java.util.stream.ReduceOps$ReduceOp.evaluateSequential(ReduceOps.java:921)
	at java.base/java.util.stream.AbstractPipeline.evaluate(AbstractPipeline.java:234)
	at java.base/java.util.stream.ReferencePipeline.collect(ReferencePipeline.java:682)
	at com.cerner.bunsen.definitions.HapiCompositeConverter.toHapiConverter(HapiCompositeConverter.java:365)
	at com.cerner.bunsen.avro.converters.DefinitionToAvroVisitor$MultiValuedToAvroConverter.toHapiConverter(DefinitionToAvroVisitor.java:377)
	at com.cerner.bunsen.definitions.HapiCompositeConverter.lambda$toHapiConverter$1(HapiCompositeConverter.java:354)
	at java.base/java.util.stream.ReferencePipeline$3$1.accept(ReferencePipeline.java:197)
	at java.base/java.util.ArrayList$ArrayListSpliterator.forEachRemaining(ArrayList.java:1625)
	at java.base/java.util.stream.AbstractPipeline.copyInto(AbstractPipeline.java:509)
	at java.base/java.util.stream.AbstractPipeline.wrapAndCopyInto(AbstractPipeline.java:499)
	at java.base/java.util.stream.ReduceOps$ReduceOp.evaluateSequential(ReduceOps.java:921)
	at java.base/java.util.stream.AbstractPipeline.evaluate(AbstractPipeline.java:234)
	at java.base/java.util.stream.ReferencePipeline.collect(ReferencePipeline.java:682)
	at com.cerner.bunsen.definitions.HapiCompositeConverter.toHapiConverter(HapiCompositeConverter.java:365)
	at com.cerner.bunsen.avro.AvroConverter.<init>(AvroConverter.java:32)
	at com.cerner.bunsen.avro.AvroConverter.visitResource(AvroConverter.java:89)
	at com.cerner.bunsen.avro.AvroConverter.forResource(AvroConverter.java:155)
	at com.cerner.bunsen.avro.AvroConverter.forResource(AvroConverter.java:133)
	at com.google.fhir.analytics.ParquetUtil.getConverter(ParquetUtil.java:184)
	at com.google.fhir.analytics.ParquetUtil.getResourceSchema(ParquetUtil.java:273)
	at com.google.fhir.analytics.ParquetUtil.createWriter(ParquetUtil.java:220)
	at com.google.fhir.analytics.ParquetUtil.write(ParquetUtil.java:235)
	at com.google.fhir.analytics.ParquetUtil.writeRecords(ParquetUtil.java:301)
	at com.google.fhir.analytics.FetchSearchPageFn.processBundle(FetchSearchPageFn.java:212)
	at com.google.fhir.analytics.FetchSearchPageFn.processBundle(FetchSearchPageFn.java:202)
	at com.google.fhir.analytics.FetchResources$SearchFn.processElement(FetchResources.java:142)
